<?xml version="1.0" encoding="UTF-8"?>
<!-- Generated by org.testng.reporters.JUnitXMLReporter -->
<testsuite ignored="0" hostname="DESKTOP-J6DA9UM" failures="0" tests="4" name="Default test" time="34.597" errors="0" timestamp="2025-07-23T10:23:01 GMT+03:00">
  <testcase classname="tests.UserTests" name="testSignup" time="10.446"/>
  <testcase classname="tests.UserTests" name="testLogout" time="3.287"/>
  <testcase classname="tests.UserTests" name="testLogin" time="3.299"/>
  <testcase classname="tests.UserTests" name="testAddToCartAndCheckout" time="10.34"/>
</testsuite> <!-- Default test -->
