<?xml version="1.0" encoding="UTF-8"?>
<testng-results ignored="0" total="4" passed="4" failed="0" skipped="0">
  <reporter-output>
  </reporter-output>
  <suite started-at="2025-07-23T10:22:27 GMT+03:00" name="Default suite" finished-at="2025-07-23T10:23:01 GMT+03:00" duration-ms="34597">
    <groups>
    </groups>
    <test started-at="2025-07-23T10:22:27 GMT+03:00" name="Default test" finished-at="2025-07-23T10:23:01 GMT+03:00" duration-ms="34597">
      <class name="tests.UserTests">
        <test-method is-config="true" signature="setup()[pri:0, instance:tests.UserTests@7ec7ffd3]" started-at="2025-07-23T10:22:27 GMT+03:00" name="setup" finished-at="2025-07-23T10:22:32 GMT+03:00" duration-ms="5791" status="PASS">
          <reporter-output>
          </reporter-output>
        </test-method> <!-- setup -->
        <test-method signature="testSignup()[pri:1, instance:tests.UserTests@7ec7ffd3]" started-at="2025-07-23T10:22:32 GMT+03:00" name="testSignup" finished-at="2025-07-23T10:22:43 GMT+03:00" duration-ms="10446" status="PASS">
          <reporter-output>
          </reporter-output>
        </test-method> <!-- testSignup -->
        <test-method signature="testLogout()[pri:2, instance:tests.UserTests@7ec7ffd3]" started-at="2025-07-23T10:22:43 GMT+03:00" name="testLogout" finished-at="2025-07-23T10:22:46 GMT+03:00" duration-ms="3287" status="PASS">
          <reporter-output>
          </reporter-output>
        </test-method> <!-- testLogout -->
        <test-method signature="testLogin()[pri:3, instance:tests.UserTests@7ec7ffd3]" started-at="2025-07-23T10:22:46 GMT+03:00" name="testLogin" finished-at="2025-07-23T10:22:50 GMT+03:00" depends-on-methods="tests.UserTests.testSignup" duration-ms="3299" status="PASS">
          <reporter-output>
          </reporter-output>
        </test-method> <!-- testLogin -->
        <test-method signature="testAddToCartAndCheckout()[pri:4, instance:tests.UserTests@7ec7ffd3]" started-at="2025-07-23T10:22:50 GMT+03:00" name="testAddToCartAndCheckout" finished-at="2025-07-23T10:23:00 GMT+03:00" duration-ms="10340" status="PASS">
          <reporter-output>
          </reporter-output>
        </test-method> <!-- testAddToCartAndCheckout -->
        <test-method is-config="true" signature="teardown()[pri:0, instance:tests.UserTests@7ec7ffd3]" started-at="2025-07-23T10:23:00 GMT+03:00" name="teardown" finished-at="2025-07-23T10:23:01 GMT+03:00" duration-ms="1259" status="PASS">
          <reporter-output>
          </reporter-output>
        </test-method> <!-- teardown -->
      </class> <!-- tests.UserTests -->
    </test> <!-- Default test -->
  </suite> <!-- Default suite -->
</testng-results>
